{"/Users/apple/Documents/Freelance/picnic/picnic/src/assets/img/search.png": {"path":"/Users/apple/Documents/Freelance/picnic/picnic/src/assets/img/search.png","statementMap":{"0":{"start":{"line":1,"column":0},"end":{"line":4,"column":6}}},"fnMap":{},"branchMap":{},"s":{"0":2},"f":{},"b":{},"inputSourceMap":null,"_coverageSchema":"1a1c01bbd47fc00a2c39e90264f33305004495a9","hash":"842cd32502eede1719ac7fdd6dcc4cf43410888d"}
,"/Users/apple/Documents/Freelance/picnic/picnic/src/assets/styles/ColoursStyles.ts": {"path":"/Users/apple/Documents/Freelance/picnic/picnic/src/assets/styles/ColoursStyles.ts","statementMap":{"0":{"start":{"line":1,"column":29},"end":{"line":6,"column":1}}},"fnMap":{},"branchMap":{},"s":{"0":3},"f":{},"b":{},"_coverageSchema":"1a1c01bbd47fc00a2c39e90264f33305004495a9","hash":"0ba54d896d999b94af4a7019aab823e473331817"}
,"/Users/apple/Documents/Freelance/picnic/picnic/src/assets/styles/Images.js": {"path":"/Users/apple/Documents/Freelance/picnic/picnic/src/assets/styles/Images.js","statementMap":{"0":{"start":{"line":1,"column":22},"end":{"line":4,"column":1}}},"fnMap":{},"branchMap":{},"s":{"0":2},"f":{},"b":{},"_coverageSchema":"1a1c01bbd47fc00a2c39e90264f33305004495a9","hash":"f1b038429b9aac34314250ac97498410594a034e"}
,"/Users/apple/Documents/Freelance/picnic/picnic/src/components/Details/Details.js": {"path":"/Users/apple/Documents/Freelance/picnic/picnic/src/components/Details/Details.js","statementMap":{"0":{"start":{"line":6,"column":16},"end":{"line":30,"column":1}},"1":{"start":{"line":7,"column":21},"end":{"line":7,"column":37}},"2":{"start":{"line":8,"column":12},"end":{"line":8,"column":16}},"3":{"start":{"line":9,"column":2},"end":{"line":11,"column":3}},"4":{"start":{"line":10,"column":4},"end":{"line":10,"column":48}},"5":{"start":{"line":12,"column":2},"end":{"line":29,"column":4}}},"fnMap":{"0":{"name":"(anonymous_0)","decl":{"start":{"line":6,"column":16},"end":{"line":6,"column":17}},"loc":{"start":{"line":6,"column":25},"end":{"line":30,"column":1}},"line":6}},"branchMap":{"0":{"loc":{"start":{"line":9,"column":2},"end":{"line":11,"column":3}},"type":"if","locations":[{"start":{"line":9,"column":2},"end":{"line":11,"column":3}},{"start":{"line":9,"column":2},"end":{"line":11,"column":3}}],"line":9},"1":{"loc":{"start":{"line":9,"column":6},"end":{"line":9,"column":74}},"type":"binary-expr","locations":[{"start":{"line":9,"column":6},"end":{"line":9,"column":16}},{"start":{"line":9,"column":20},"end":{"line":9,"column":37}},{"start":{"line":9,"column":41},"end":{"line":9,"column":74}}],"line":9},"2":{"loc":{"start":{"line":19,"column":11},"end":{"line":19,"column":45}},"type":"cond-expr","locations":[{"start":{"line":19,"column":24},"end":{"line":19,"column":40}},{"start":{"line":19,"column":43},"end":{"line":19,"column":45}}],"line":19},"3":{"loc":{"start":{"line":22,"column":9},"end":{"line":26,"column":9}},"type":"binary-expr","locations":[{"start":{"line":22,"column":9},"end":{"line":22,"column":26}},{"start":{"line":23,"column":10},"end":{"line":25,"column":17}}],"line":22}},"s":{"0":2,"1":3,"2":3,"3":3,"4":0,"5":3},"f":{"0":3},"b":{"0":[0,3],"1":[3,0,0],"2":[0,3],"3":[3,0]},"_coverageSchema":"1a1c01bbd47fc00a2c39e90264f33305004495a9","hash":"d5f4846fd239a8e27b1f1b5d9663644f51750be5"}
,"/Users/apple/Documents/Freelance/picnic/picnic/src/components/Details/Details.style.js": {"path":"/Users/apple/Documents/Freelance/picnic/picnic/src/components/Details/Details.style.js","statementMap":{"0":{"start":{"line":4,"column":22},"end":{"line":29,"column":2}}},"fnMap":{},"branchMap":{},"s":{"0":2},"f":{},"b":{},"_coverageSchema":"1a1c01bbd47fc00a2c39e90264f33305004495a9","hash":"1beec34cb75e9e26edfba28447710757bb8bbaad"}
,"/Users/apple/Documents/Freelance/picnic/picnic/src/components/Details/index.js": {"path":"/Users/apple/Documents/Freelance/picnic/picnic/src/components/Details/index.js","statementMap":{},"fnMap":{},"branchMap":{},"s":{},"f":{},"b":{},"_coverageSchema":"1a1c01bbd47fc00a2c39e90264f33305004495a9","hash":"028f52b01bdc6f1f9318156920274018e3c4f7cf"}
,"/Users/apple/Documents/Freelance/picnic/picnic/src/components/FastImage/FastImage.js": {"path":"/Users/apple/Documents/Freelance/picnic/picnic/src/components/FastImage/FastImage.js","statementMap":{"0":{"start":{"line":5,"column":18},"end":{"line":24,"column":1}},"1":{"start":{"line":6,"column":32},"end":{"line":6,"column":47}},"2":{"start":{"line":7,"column":2},"end":{"line":23,"column":4}},"3":{"start":{"line":15,"column":8},"end":{"line":15,"column":25}},"4":{"start":{"line":18,"column":8},"end":{"line":18,"column":26}}},"fnMap":{"0":{"name":"(anonymous_0)","decl":{"start":{"line":5,"column":18},"end":{"line":5,"column":19}},"loc":{"start":{"line":5,"column":27},"end":{"line":24,"column":1}},"line":5},"1":{"name":"(anonymous_1)","decl":{"start":{"line":14,"column":19},"end":{"line":14,"column":20}},"loc":{"start":{"line":14,"column":25},"end":{"line":16,"column":7}},"line":14},"2":{"name":"(anonymous_2)","decl":{"start":{"line":17,"column":17},"end":{"line":17,"column":18}},"loc":{"start":{"line":17,"column":23},"end":{"line":19,"column":7}},"line":17}},"branchMap":{},"s":{"0":3,"1":1,"2":1,"3":0,"4":0},"f":{"0":1,"1":0,"2":0},"b":{},"_coverageSchema":"1a1c01bbd47fc00a2c39e90264f33305004495a9","hash":"4712b69667da08d129399eb04f92ea61d35381f6"}
,"/Users/apple/Documents/Freelance/picnic/picnic/src/components/FastImage/index.js": {"path":"/Users/apple/Documents/Freelance/picnic/picnic/src/components/FastImage/index.js","statementMap":{},"fnMap":{},"branchMap":{},"s":{},"f":{},"b":{},"_coverageSchema":"1a1c01bbd47fc00a2c39e90264f33305004495a9","hash":"b104f823f6e957393500904aba3ebc86ef468964"}
,"/Users/apple/Documents/Freelance/picnic/picnic/src/components/Input/InputText.js": {"path":"/Users/apple/Documents/Freelance/picnic/picnic/src/components/Input/InputText.js","statementMap":{"0":{"start":{"line":6,"column":18},"end":{"line":31,"column":1}},"1":{"start":{"line":7,"column":37},"end":{"line":7,"column":42}},"2":{"start":{"line":8,"column":2},"end":{"line":30,"column":4}},"3":{"start":{"line":17,"column":31},"end":{"line":17,"column":57}},"4":{"start":{"line":25,"column":63},"end":{"line":25,"column":77}}},"fnMap":{"0":{"name":"(anonymous_0)","decl":{"start":{"line":6,"column":18},"end":{"line":6,"column":19}},"loc":{"start":{"line":6,"column":27},"end":{"line":31,"column":1}},"line":6},"1":{"name":"(anonymous_1)","decl":{"start":{"line":17,"column":24},"end":{"line":17,"column":25}},"loc":{"start":{"line":17,"column":31},"end":{"line":17,"column":57}},"line":17},"2":{"name":"(anonymous_2)","decl":{"start":{"line":25,"column":57},"end":{"line":25,"column":58}},"loc":{"start":{"line":25,"column":63},"end":{"line":25,"column":77}},"line":25}},"branchMap":{"0":{"loc":{"start":{"line":24,"column":7},"end":{"line":28,"column":7}},"type":"binary-expr","locations":[{"start":{"line":24,"column":7},"end":{"line":24,"column":17}},{"start":{"line":25,"column":8},"end":{"line":27,"column":27}}],"line":24}},"s":{"0":2,"1":4,"2":3,"3":0,"4":0},"f":{"0":4,"1":0,"2":0},"b":{"0":[2,0]},"_coverageSchema":"1a1c01bbd47fc00a2c39e90264f33305004495a9","hash":"55a72b5e4c93368bab9ef7969d9656f03234d582"}
,"/Users/apple/Documents/Freelance/picnic/picnic/src/components/Input/InputText.style.js": {"path":"/Users/apple/Documents/Freelance/picnic/picnic/src/components/Input/InputText.style.js","statementMap":{"0":{"start":{"line":4,"column":22},"end":{"line":29,"column":2}}},"fnMap":{},"branchMap":{},"s":{"0":2},"f":{},"b":{},"_coverageSchema":"1a1c01bbd47fc00a2c39e90264f33305004495a9","hash":"7d6e62edd493d53b8b9ee0712dbec86f4315f59a"}
,"/Users/apple/Documents/Freelance/picnic/picnic/src/components/Input/index.js": {"path":"/Users/apple/Documents/Freelance/picnic/picnic/src/components/Input/index.js","statementMap":{},"fnMap":{},"branchMap":{},"s":{},"f":{},"b":{},"_coverageSchema":"1a1c01bbd47fc00a2c39e90264f33305004495a9","hash":"ce808c930fc60183cf7175d020b233f784596161"}
,"/Users/apple/Documents/Freelance/picnic/picnic/src/services/Constants.js": {"path":"/Users/apple/Documents/Freelance/picnic/picnic/src/services/Constants.js","statementMap":{"0":{"start":{"line":2,"column":17},"end":{"line":2,"column":44}},"1":{"start":{"line":3,"column":16},"end":{"line":3,"column":31}},"2":{"start":{"line":6,"column":23},"end":{"line":9,"column":1}}},"fnMap":{},"branchMap":{},"s":{"0":3,"1":3,"2":3},"f":{},"b":{},"_coverageSchema":"1a1c01bbd47fc00a2c39e90264f33305004495a9","hash":"dfc53c57b296865eb051e5773fe11eb75a000258"}
,"/Users/apple/Documents/Freelance/picnic/picnic/src/services/Services.js": {"path":"/Users/apple/Documents/Freelance/picnic/picnic/src/services/Services.js","statementMap":{"0":{"start":{"line":4,"column":14},"end":{"line":4,"column":32}},"1":{"start":{"line":5,"column":2},"end":{"line":12,"column":7}},"2":{"start":{"line":6,"column":22},"end":{"line":6,"column":37}},"3":{"start":{"line":8,"column":6},"end":{"line":8,"column":26}},"4":{"start":{"line":11,"column":6},"end":{"line":11,"column":33}},"5":{"start":{"line":16,"column":14},"end":{"line":16,"column":58}},"6":{"start":{"line":17,"column":2},"end":{"line":24,"column":7}},"7":{"start":{"line":18,"column":22},"end":{"line":18,"column":37}},"8":{"start":{"line":20,"column":6},"end":{"line":20,"column":26}},"9":{"start":{"line":23,"column":6},"end":{"line":23,"column":33}}},"fnMap":{"0":{"name":"getRandomAPI","decl":{"start":{"line":3,"column":22},"end":{"line":3,"column":34}},"loc":{"start":{"line":3,"column":37},"end":{"line":13,"column":1}},"line":3},"1":{"name":"(anonymous_1)","decl":{"start":{"line":6,"column":10},"end":{"line":6,"column":11}},"loc":{"start":{"line":6,"column":22},"end":{"line":6,"column":37}},"line":6},"2":{"name":"(anonymous_2)","decl":{"start":{"line":7,"column":10},"end":{"line":7,"column":11}},"loc":{"start":{"line":7,"column":26},"end":{"line":9,"column":5}},"line":7},"3":{"name":"(anonymous_3)","decl":{"start":{"line":10,"column":11},"end":{"line":10,"column":12}},"loc":{"start":{"line":10,"column":18},"end":{"line":12,"column":5}},"line":10},"4":{"name":"getSearchAPI","decl":{"start":{"line":15,"column":22},"end":{"line":15,"column":34}},"loc":{"start":{"line":15,"column":44},"end":{"line":25,"column":1}},"line":15},"5":{"name":"(anonymous_5)","decl":{"start":{"line":18,"column":10},"end":{"line":18,"column":11}},"loc":{"start":{"line":18,"column":22},"end":{"line":18,"column":37}},"line":18},"6":{"name":"(anonymous_6)","decl":{"start":{"line":19,"column":10},"end":{"line":19,"column":11}},"loc":{"start":{"line":19,"column":26},"end":{"line":21,"column":5}},"line":19},"7":{"name":"(anonymous_7)","decl":{"start":{"line":22,"column":11},"end":{"line":22,"column":12}},"loc":{"start":{"line":22,"column":18},"end":{"line":24,"column":5}},"line":22}},"branchMap":{},"s":{"0":1,"1":1,"2":1,"3":1,"4":0,"5":1,"6":1,"7":1,"8":1,"9":0},"f":{"0":1,"1":1,"2":1,"3":0,"4":1,"5":1,"6":1,"7":0},"b":{},"_coverageSchema":"1a1c01bbd47fc00a2c39e90264f33305004495a9","hash":"305fb4153e75e6e537d7ef588b67867dfe11640e"}
,"/Users/apple/Documents/Freelance/picnic/picnic/src/views/Home/Home.js": {"path":"/Users/apple/Documents/Freelance/picnic/picnic/src/views/Home/Home.js","statementMap":{"0":{"start":{"line":16,"column":13},"end":{"line":102,"column":1}},"1":{"start":{"line":17,"column":32},"end":{"line":17,"column":44}},"2":{"start":{"line":18,"column":36},"end":{"line":18,"column":68}},"3":{"start":{"line":19,"column":44},"end":{"line":19,"column":59}},"4":{"start":{"line":20,"column":38},"end":{"line":20,"column":50}},"5":{"start":{"line":21,"column":38},"end":{"line":21,"column":50}},"6":{"start":{"line":22,"column":38},"end":{"line":22,"column":53}},"7":{"start":{"line":25,"column":2},"end":{"line":28,"column":9}},"8":{"start":{"line":26,"column":15},"end":{"line":26,"column":35}},"9":{"start":{"line":27,"column":4},"end":{"line":27,"column":29}},"10":{"start":{"line":31,"column":28},"end":{"line":38,"column":3}},"11":{"start":{"line":32,"column":4},"end":{"line":32,"column":20}},"12":{"start":{"line":33,"column":4},"end":{"line":37,"column":5}},"13":{"start":{"line":34,"column":17},"end":{"line":34,"column":44}},"14":{"start":{"line":36,"column":6},"end":{"line":36,"column":31}},"15":{"start":{"line":41,"column":21},"end":{"line":41,"column":31}},"16":{"start":{"line":44,"column":20},"end":{"line":59,"column":3}},"17":{"start":{"line":45,"column":17},"end":{"line":45,"column":27}},"18":{"start":{"line":46,"column":14},"end":{"line":46,"column":18}},"19":{"start":{"line":47,"column":4},"end":{"line":49,"column":5}},"20":{"start":{"line":48,"column":6},"end":{"line":48,"column":44}},"21":{"start":{"line":50,"column":4},"end":{"line":58,"column":6}},"22":{"start":{"line":53,"column":25},"end":{"line":53,"column":41}},"23":{"start":{"line":62,"column":25},"end":{"line":66,"column":3}},"24":{"start":{"line":63,"column":4},"end":{"line":63,"column":27}},"25":{"start":{"line":64,"column":4},"end":{"line":64,"column":24}},"26":{"start":{"line":65,"column":4},"end":{"line":65,"column":36}},"27":{"start":{"line":68,"column":23},"end":{"line":74,"column":3}},"28":{"start":{"line":69,"column":4},"end":{"line":69,"column":19}},"29":{"start":{"line":70,"column":4},"end":{"line":70,"column":25}},"30":{"start":{"line":71,"column":4},"end":{"line":71,"column":28}},"31":{"start":{"line":72,"column":4},"end":{"line":72,"column":41}},"32":{"start":{"line":73,"column":4},"end":{"line":73,"column":23}},"33":{"start":{"line":76,"column":2},"end":{"line":101,"column":4}},"34":{"start":{"line":81,"column":34},"end":{"line":81,"column":56}},"35":{"start":{"line":82,"column":25},"end":{"line":82,"column":39}},"36":{"start":{"line":92,"column":36},"end":{"line":92,"column":54}}},"fnMap":{"0":{"name":"(anonymous_0)","decl":{"start":{"line":16,"column":13},"end":{"line":16,"column":14}},"loc":{"start":{"line":16,"column":22},"end":{"line":102,"column":1}},"line":16},"1":{"name":"(anonymous_1)","decl":{"start":{"line":25,"column":12},"end":{"line":25,"column":13}},"loc":{"start":{"line":25,"column":24},"end":{"line":28,"column":3}},"line":25},"2":{"name":"(anonymous_2)","decl":{"start":{"line":31,"column":28},"end":{"line":31,"column":29}},"loc":{"start":{"line":31,"column":41},"end":{"line":38,"column":3}},"line":31},"3":{"name":"(anonymous_3)","decl":{"start":{"line":41,"column":21},"end":{"line":41,"column":22}},"loc":{"start":{"line":41,"column":29},"end":{"line":41,"column":31}},"line":41},"4":{"name":"(anonymous_4)","decl":{"start":{"line":44,"column":20},"end":{"line":44,"column":21}},"loc":{"start":{"line":44,"column":29},"end":{"line":59,"column":3}},"line":44},"5":{"name":"(anonymous_5)","decl":{"start":{"line":53,"column":19},"end":{"line":53,"column":20}},"loc":{"start":{"line":53,"column":25},"end":{"line":53,"column":41}},"line":53},"6":{"name":"(anonymous_6)","decl":{"start":{"line":62,"column":25},"end":{"line":62,"column":26}},"loc":{"start":{"line":62,"column":31},"end":{"line":66,"column":3}},"line":62},"7":{"name":"(anonymous_7)","decl":{"start":{"line":68,"column":23},"end":{"line":68,"column":24}},"loc":{"start":{"line":68,"column":29},"end":{"line":74,"column":3}},"line":68},"8":{"name":"(anonymous_8)","decl":{"start":{"line":81,"column":27},"end":{"line":81,"column":28}},"loc":{"start":{"line":81,"column":34},"end":{"line":81,"column":56}},"line":81},"9":{"name":"(anonymous_9)","decl":{"start":{"line":82,"column":19},"end":{"line":82,"column":20}},"loc":{"start":{"line":82,"column":25},"end":{"line":82,"column":39}},"line":82},"10":{"name":"(anonymous_10)","decl":{"start":{"line":92,"column":28},"end":{"line":92,"column":29}},"loc":{"start":{"line":92,"column":36},"end":{"line":92,"column":54}},"line":92}},"branchMap":{"0":{"loc":{"start":{"line":33,"column":4},"end":{"line":37,"column":5}},"type":"if","locations":[{"start":{"line":33,"column":4},"end":{"line":37,"column":5}},{"start":{"line":33,"column":4},"end":{"line":37,"column":5}}],"line":33},"1":{"loc":{"start":{"line":47,"column":4},"end":{"line":49,"column":5}},"type":"if","locations":[{"start":{"line":47,"column":4},"end":{"line":49,"column":5}},{"start":{"line":47,"column":4},"end":{"line":49,"column":5}}],"line":47},"2":{"loc":{"start":{"line":47,"column":8},"end":{"line":47,"column":58}},"type":"binary-expr","locations":[{"start":{"line":47,"column":8},"end":{"line":47,"column":12}},{"start":{"line":47,"column":16},"end":{"line":47,"column":27}},{"start":{"line":47,"column":31},"end":{"line":47,"column":58}}],"line":47},"3":{"loc":{"start":{"line":87,"column":9},"end":{"line":98,"column":9}},"type":"cond-expr","locations":[{"start":{"line":88,"column":10},"end":{"line":95,"column":17}},{"start":{"line":97,"column":10},"end":{"line":97,"column":45}}],"line":87}},"s":{"0":1,"1":8,"2":7,"3":7,"4":7,"5":7,"6":7,"7":7,"8":0,"9":0,"10":7,"11":0,"12":0,"13":0,"14":0,"15":7,"16":7,"17":0,"18":0,"19":0,"20":0,"21":0,"22":0,"23":7,"24":0,"25":0,"26":0,"27":7,"28":0,"29":0,"30":0,"31":0,"32":0,"33":7,"34":0,"35":1,"36":0},"f":{"0":8,"1":0,"2":0,"3":0,"4":0,"5":0,"6":0,"7":0,"8":0,"9":1,"10":0},"b":{"0":[0,0],"1":[0,0],"2":[0,0,0],"3":[0,7]},"_coverageSchema":"1a1c01bbd47fc00a2c39e90264f33305004495a9","hash":"96d65b794d3c47e4d613d5e25934b864c749b2f7"}
,"/Users/apple/Documents/Freelance/picnic/picnic/src/views/Home/Home.style.js": {"path":"/Users/apple/Documents/Freelance/picnic/picnic/src/views/Home/Home.style.js","statementMap":{"0":{"start":{"line":4,"column":22},"end":{"line":15,"column":2}}},"fnMap":{},"branchMap":{},"s":{"0":1},"f":{},"b":{},"_coverageSchema":"1a1c01bbd47fc00a2c39e90264f33305004495a9","hash":"e5a73b403715ed23e28b2882b3cfde61dab6ce11"}
,"/Users/apple/Documents/Freelance/picnic/picnic/src/views/Home/index.js": {"path":"/Users/apple/Documents/Freelance/picnic/picnic/src/views/Home/index.js","statementMap":{},"fnMap":{},"branchMap":{},"s":{},"f":{},"b":{},"_coverageSchema":"1a1c01bbd47fc00a2c39e90264f33305004495a9","hash":"856aa09d77f64a2c10c93d853bcf7081b6f5839d"}
}
